<?xml version="1.0" encoding="UTF-8"?>
<!-- Generated by org.testng.reporters.JUnitXMLReporter -->
<testsuite ignored="0" hostname="DESKTOP-383AQQU" failures="0" tests="4" name="Test" time="14.153" errors="0" timestamp="2024-09-03T20:30:05 IST">
  <testcase classname="Day8.CreateNewUser" name="testCreateNewUser" time="10.094"/>
  <testcase classname="Day8.GetUserDetails" name="testGetUserDetails" time="1.412"/>
  <testcase classname="Day8.UpdateUserDetails" name="testUpdateUserDetails" time="1.355"/>
  <testcase classname="Day8.DeleteUser" name="testDeleteUser" time="1.102"/>
</testsuite> <!-- Test -->
