<?xml version="1.0" encoding="UTF-8"?>
<testng-results ignored="0" total="2" passed="2" failed="0" skipped="0">
  <reporter-output>
  </reporter-output>
  <suite started-at="2024-08-25T22:26:00 IST" name="Default suite" finished-at="2024-08-25T22:26:05 IST" duration-ms="4889">
    <groups>
    </groups>
    <test started-at="2024-08-25T22:26:00 IST" name="Default test" finished-at="2024-08-25T22:26:05 IST" duration-ms="4889">
      <class name="Day4.ValidateJsonResponse">
        <test-method signature="JsonValidation()[pri:1, instance:Day4.ValidateJsonResponse@1623b78d]" started-at="2024-08-25T22:26:01 IST" name="JsonValidation" finished-at="2024-08-25T22:26:05 IST" duration-ms="4625" status="PASS">
          <reporter-output>
          </reporter-output>
        </test-method> <!-- JsonValidation -->
        <test-method signature="JsonResponseValidate()[pri:2, instance:Day4.ValidateJsonResponse@1623b78d]" started-at="2024-08-25T22:26:05 IST" name="JsonResponseValidate" finished-at="2024-08-25T22:26:05 IST" duration-ms="138" status="PASS">
          <reporter-output>
          </reporter-output>
        </test-method> <!-- JsonResponseValidate -->
      </class> <!-- Day4.ValidateJsonResponse -->
    </test> <!-- Default test -->
  </suite> <!-- Default suite -->
</testng-results>
