<?xml version="1.0" encoding="UTF-8"?>
<testng-results ignored="0" total="2" passed="2" failed="0" skipped="0">
  <reporter-output>
  </reporter-output>
  <suite started-at="2024-08-27T23:21:10 IST" name="Default suite" finished-at="2024-08-27T23:21:10 IST" duration-ms="651">
    <groups>
    </groups>
    <test started-at="2024-08-27T23:21:10 IST" name="Default test" finished-at="2024-08-27T23:21:10 IST" duration-ms="651">
      <class name="Day6.SerializationAndDeSerialization">
        <test-method signature="Serialization()[pri:1, instance:Day6.SerializationAndDeSerialization@6069db50]" started-at="2024-08-27T23:21:10 IST" name="Serialization" finished-at="2024-08-27T23:21:10 IST" duration-ms="460" status="PASS">
          <reporter-output>
          </reporter-output>
        </test-method> <!-- Serialization -->
        <test-method signature="DeSerialization()[pri:2, instance:Day6.SerializationAndDeSerialization@6069db50]" started-at="2024-08-27T23:21:10 IST" name="DeSerialization" finished-at="2024-08-27T23:21:10 IST" duration-ms="61" status="PASS">
          <reporter-output>
          </reporter-output>
        </test-method> <!-- DeSerialization -->
      </class> <!-- Day6.SerializationAndDeSerialization -->
    </test> <!-- Default test -->
  </suite> <!-- Default suite -->
</testng-results>
